<?xml version="1.0" encoding="UTF-8"?>
<!-- Generated by org.testng.reporters.JUnitXMLReporter -->
<testsuite hostname="IQA_Rahul-K" ignored="0" name="Command line test" tests="1" failures="1" timestamp="03 Mar 2020 06:16:14 GMT" time="2.505" errors="0">
  <testcase name="Test1" time="2.477" classname="basicAPI.Basic_JsonTraverse">
    <failure type="java.lang.AssertionError" message="1 expectation failed.
JSON path results[0].place_id doesn&amp;apos;t match.
Expected: ChIJP3Sa8ziYEmsRUKgyFmh9AQM
  Actual: null
">
      <![CDATA[java.lang.AssertionError: 1 expectation failed.JSON path results[0].place_id doesn't match.Expected: ChIJP3Sa8ziYEmsRUKgyFmh9AQM  Actual: nullat org.codehaus.groovy.runtime.callsite.ConstructorSite$ConstructorSiteNoUnwrap.callConstructor(ConstructorSite.java:84)at org.codehaus.groovy.runtime.callsite.CallSiteArray.defaultCallConstructor(CallSiteArray.java:59)at org.codehaus.groovy.runtime.callsite.AbstractCallSite.callConstructor(AbstractCallSite.java:237)at org.codehaus.groovy.runtime.callsite.AbstractCallSite.callConstructor(AbstractCallSite.java:249)at io.restassured.internal.ResponseSpecificationImpl$HamcrestAssertionClosure.validate(ResponseSpecificationImpl.groovy:493)at io.restassured.internal.ResponseSpecificationImpl$HamcrestAssertionClosure$validate$1.call(Unknown Source)at io.restassured.internal.ResponseSpecificationImpl.validateResponseIfRequired(ResponseSpecificationImpl.groovy:674)at org.codehaus.groovy.runtime.callsite.PlainObjectMetaMethodSite.doInvoke(PlainObjectMetaMethodSite.java:43)at org.codehaus.groovy.runtime.callsite.PogoMetaMethodSite$PogoCachedMethodSiteNoUnwrapNoCoerce.invoke(PogoMetaMethodSite.java:190)at org.codehaus.groovy.runtime.callsite.PogoMetaMethodSite.callCurrent(PogoMetaMethodSite.java:58)at org.codehaus.groovy.runtime.callsite.CallSiteArray.defaultCallCurrent(CallSiteArray.java:51)at org.codehaus.groovy.runtime.callsite.AbstractCallSite.callCurrent(AbstractCallSite.java:156)at org.codehaus.groovy.runtime.callsite.AbstractCallSite.callCurrent(AbstractCallSite.java:168)at io.restassured.internal.ResponseSpecificationImpl.body(ResponseSpecificationImpl.groovy:261)at io.restassured.specification.ResponseSpecification$body$1.callCurrent(Unknown Source)at org.codehaus.groovy.runtime.callsite.CallSiteArray.defaultCallCurrent(CallSiteArray.java:51)at org.codehaus.groovy.runtime.callsite.AbstractCallSite.callCurrent(AbstractCallSite.java:156)at org.codehaus.groovy.runtime.callsite.AbstractCallSite.callCurrent(AbstractCallSite.java:192)at io.restassured.internal.ResponseSpecificationImpl.body(ResponseSpecificationImpl.groovy:108)at io.restassured.internal.ValidatableResponseOptionsImpl.body(ValidatableResponseOptionsImpl.java:244)at io.restassured.internal.ValidatableResponseImpl.super$2$body(ValidatableResponseImpl.groovy)at groovy.lang.MetaMethod.doMethodInvoke(MetaMethod.java:323)at groovy.lang.MetaClassImpl.invokeMethod(MetaClassImpl.java:1217)at org.codehaus.groovy.runtime.ScriptBytecodeAdapter.invokeMethodOnSuperN(ScriptBytecodeAdapter.java:144)at io.restassured.internal.ValidatableResponseImpl.body(ValidatableResponseImpl.groovy:298)at io.restassured.internal.ValidatableResponseImpl.body(ValidatableResponseImpl.groovy)at basicAPI.Basic_JsonTraverse.Test1(Basic_JsonTraverse.java:35)... Removed 49 stack frames]]>
    </failure>
  </testcase> <!-- Test1 -->
</testsuite> <!-- Command line test -->
